#
# A fatal error has been detected by the Java Runtime Environment:
#
#  EXCEPTION_STACK_OVERFLOW (0xc00000fd) at pc=0x00007ff967b6e313, pid=9020, tid=14636
#
# JRE version: OpenJDK Runtime Environment Temurin-21.0.6+7 (21.0.6+7) (build 21.0.6+7-LTS)
# Java VM: OpenJDK 64-Bit Server VM Temurin-21.0.6+7 (21.0.6+7-LTS, mixed mode, emulated-client, sharing, tiered, compressed oops, compressed class ptrs, g1 gc, windows-amd64)
# Problematic frame:
# V  [jvm.dll+0x3de313]
#
# No core dump will be written. Minidumps are not enabled by default on client versions of Windows
#
# If you would like to submit a bug report, please visit:
#   https://github.com/adoptium/adoptium-support/issues
#

---------------  S U M M A R Y ------------

Command Line: -Dcom.sun.management.jmxremote -Dcom.sun.management.jmxremote.port=57777 -Dcom.sun.management.jmxremote.authenticate=false -Dcom.sun.management.jmxremote.ssl=false -Djava.rmi.server.hostname=localhost -Dspring.jmx.enabled=true -Dmanagement.endpoints.jmx.exposure.include=* -Dspring.application.admin.enabled=true -Dspring.output.ansi.enabled=always -XX:TieredStopAtLevel=1 -Dspring.boot.project.name=FaceDetection -Dfile.encoding=UTF-8 -Dstdout.encoding=UTF-8 -Dstderr.encoding=UTF-8 -XX:+ShowCodeDetailsInExceptionMessages com.abhiyantrikitech.FaceDetectApplication

Host: Intel(R) Core(TM) i5-9400F CPU @ 2.90GHz, 6 cores, 7G,  Windows 10 , 64 bit Build 19041 (10.0.19041.5915)
Time: Fri Jun  6 15:13:11 2025 India Standard Time elapsed time: 555.252068 seconds (0d 0h 9m 15s)

---------------  T H R E A D  ---------------

Current thread (0x00000245e774b650):  JavaThread "HttpClient-35-Worker-0" daemon [_thread_in_vm, id=14636, stack(0x000000ece1900000,0x000000ece1a00000) (1024K)]

Stack: [0x000000ece1900000,0x000000ece1a00000],  sp=0x000000ece19ff240,  free space=1020k
Native frames: (J=compiled Java code, j=interpreted, Vv=VM code, C=native code)
V  [jvm.dll+0x3de313]
V  [jvm.dll+0x6cde02]
V  [jvm.dll+0x3def9b]
V  [jvm.dll+0x3df227]
V  [jvm.dll+0x4729a5]
V  [jvm.dll+0x3f0256]
V  [jvm.dll+0x851f8b]
V  [jvm.dll+0x6cc5ed]
C  [ucrtbase.dll+0x21bb2]
C  [KERNEL32.DLL+0x17374]
C  [ntdll.dll+0x4cc91]


siginfo: EXCEPTION_STACK_OVERFLOW (0xc00000fd), ExceptionInformation=0x0000000000000001 0x000000ece19f9240 


Registers:
RAX=0x0000000000000003, RBX=0x00000245e774b650, RCX=0x0000000000001000, RDX=0x0000000000000000
RSP=0x000000ece19ff240, RBP=0x000000ece19ff309, RSI=0x000000ece19ff4a0, RDI=0x000000ece19f9240
R8 =0x000000ece19ff240, R9 =0x0000000000000187, R10=0x000000ece19ff3d0, R11=0x000000ece19ff570
R12=0x000000ece19ff3d0, R13=0x000000000000000a, R14=0x00000245e7b828d0, R15=0x000000ece19ff570
RIP=0x00007ff967b6e313, EFLAGS=0x0000000000010202

XMM[0]=0x0000000000000000 0x0000000000000000
XMM[1]=0x0000000000000000 0x0000000000000000
XMM[2]=0x0000000000000000 0x0000000000000000
XMM[3]=0x0000000000000000 0x0000000000000000
XMM[4]=0x0000000000000000 0x0000000000000000
XMM[5]=0x0000000000000000 0x0000000000000000
XMM[6]=0x0000000000000000 0x0000000000000000
XMM[7]=0x0000000000000000 0x0000000000000000
XMM[8]=0x0000000000000000 0x0000000000000000
XMM[9]=0x0000000000000000 0x0000000000000000
XMM[10]=0x0000000000000000 0x0000000000000000
XMM[11]=0x0000000000000000 0x0000000000000000
XMM[12]=0x0000000000000000 0x0000000000000000
XMM[13]=0x0000000000000000 0x0000000000000000
XMM[14]=0x0000000000000000 0x0000000000000000
XMM[15]=0x0000000000000000 0x0000000000000000
  MXCSR=0x00001fa0


Register to memory mapping:

RAX=0x0000000000000003 is an unknown value
RBX=0x00000245e774b650 is a thread
RCX=0x0000000000001000 is an unknown value
RDX=0x0 is null
RSP=0x000000ece19ff240 is pointing into the stack for thread: 0x00000245e774b650
RBP=0x000000ece19ff309 is pointing into the stack for thread: 0x00000245e774b650
RSI=0x000000ece19ff4a0 is pointing into the stack for thread: 0x00000245e774b650
RDI=0x000000ece19f9240 is pointing into the stack for thread: 0x00000245e774b650
R8 =0x000000ece19ff240 is pointing into the stack for thread: 0x00000245e774b650
R9 =0x0000000000000187 is an unknown value
R10=0x000000ece19ff3d0 is pointing into the stack for thread: 0x00000245e774b650
R11=0x000000ece19ff570 is pointing into the stack for thread: 0x00000245e774b650
R12=0x000000ece19ff3d0 is pointing into the stack for thread: 0x00000245e774b650
R13=0x000000000000000a is an unknown value
R14=0x00000245e7b828d0 points into unknown readable memory: 0x00000000853a49b8 | b8 49 3a 85 00 00 00 00
R15=0x000000ece19ff570 is pointing into the stack for thread: 0x00000245e774b650

Top of Stack: (sp=0x000000ece19ff240)
0x000000ece19ff240:   00000245e774b650 000000ece19ff4a0
0x000000ece19ff250:   000000ece19ff2f8 00007ff9679d3925
0x000000ece19ff260:   000000ece19ff250 00007ffa1412f4e8
0x000000ece19ff270:   00000245d412ac80 000000ece19ff2e0
0x000000ece19ff280:   000000ece19ff380 00007ff967b2f152
0x000000ece19ff290:   0000000d85c2ca8d 00000245e86178c0
0x000000ece19ff2a0:   00006fe4098eb1d9 00007ff967bb51b5
0x000000ece19ff2b0:   0000000000000008 00007ff967d669a4
0x000000ece19ff2c0:   00000245e774b650 00000245e774b650
0x000000ece19ff2d0:   000000ece19ff380 00007ff968426d80
0x000000ece19ff2e0:   0000000000000000 00007ffa166db86b
0x000000ece19ff2f0:   0000024580017358 0000024580017358
0x000000ece19ff300:   00000245e774b650 0000024580017358
0x000000ece19ff310:   00000245e774b650 00000245e774b650
0x000000ece19ff320:   000000ece19ff420 0000000000000000
0x000000ece19ff330:   0000000000000000 00000245e86bd698
0x000000ece19ff340:   0000000000000000 0000000000000000
0x000000ece19ff350:   000000ece19ff4a0 000000ece19ff570
0x000000ece19ff360:   000000ece19ff419 00007ff967e5de02
0x000000ece19ff370:   00007ff967b6e0f0 00007ffa166db3c7
0x000000ece19ff380:   0000024580017300 00000245d9dab660
0x000000ece19ff390:   00000245e774b650 00007ff967b6ef9b
0x000000ece19ff3a0:   00000245e774b650 00000245e774b650
0x000000ece19ff3b0:   000000ece19ff570 000000ece19ff4a0
0x000000ece19ff3c0:   00000245e774b650 0000024580017358
0x000000ece19ff3d0:   0000024580017358 00000245e774b650
0x000000ece19ff3e0:   0000024580483cd8 0000024580486678
0x000000ece19ff3f0:   0000024580016e98 0000000000000000
0x000000ece19ff400:   0000000000000000 0000000000000000
0x000000ece19ff410:   0000000000000000 0000000000000000
0x000000ece19ff420:   0000024580016e98 0000024580017358
0x000000ece19ff430:   00000245e774b650 0000024580017358 

Instructions: (pc=0x00007ff967b6e313)
0x00007ff967b6e213:   8b 04 24 48 8b 40 38 48 89 45 7f 41 8b 17 8d 42
0x00007ff967b6e223:   fc 83 f8 0a 0f 87 c6 04 00 00 4c 8d 05 cc 1d c2
0x00007ff967b6e233:   ff 48 98 41 8b 8c 80 b0 e7 3d 00 49 03 c8 ff e1
0x00007ff967b6e243:   41 bd 0a 00 00 00 83 fa 0c 74 2f 83 fa 0d 74 2a
0x00007ff967b6e253:   44 88 75 77 eb 28 41 bd 0b 00 00 00 44 88 75 77
0x00007ff967b6e263:   eb 1c 41 bd 06 00 00 00 44 88 75 77 eb 10 41 bd
0x00007ff967b6e273:   07 00 00 00 44 88 75 77 eb 04 c6 45 77 01 49 8b
0x00007ff967b6e283:   04 24 8b 48 28 c1 e9 03 f6 c1 01 75 07 48 8b 46
0x00007ff967b6e293:   58 4c 8b 30 48 8d 8b c0 04 00 00 e8 5d 55 3c 00
0x00007ff967b6e2a3:   e8 58 f7 2e 00 4c 8b c0 49 8b d4 48 8b cb 48 8b
0x00007ff967b6e2b3:   f8 e8 27 38 2e 00 84 c0 75 33 4d 8b cc 48 8d 15
0x00007ff967b6e2c3:   41 a3 65 00 41 b8 82 01 00 00 48 8b cb e8 4b 92
0x00007ff967b6e2d3:   f2 ff 48 8b 9c 24 30 01 00 00 48 81 c4 f0 00 00
0x00007ff967b6e2e3:   00 41 5f 41 5e 41 5d 41 5c 5f 5e 5d c3 48 8b 0d
0x00007ff967b6e2f3:   c9 0f 8d 00 33 d2 48 8b 05 70 5d 8d 00 48 f7 f1
0x00007ff967b6e303:   48 83 f8 01 72 13 0f 1f 80 00 00 00 00 48 2b f9
0x00007ff967b6e313:   c6 07 00 48 83 e8 01 75 f4 33 c0 48 8b cb 48 89
0x00007ff967b6e323:   45 97 48 89 45 a7 48 89 45 9f 48 8b 03 ff 50 38
0x00007ff967b6e333:   84 c0 0f 84 34 04 00 00 48 8b 03 48 8b cb ff 90
0x00007ff967b6e343:   90 00 00 00 84 c0 0f 84 40 04 00 00 33 d2 4c 89
0x00007ff967b6e353:   7d af 48 8b cb e8 13 dd 08 00 48 8b cb 48 8b f8
0x00007ff967b6e363:   e8 58 85 f2 ff 48 8b 8b 48 04 00 00 f6 c1 01 74
0x00007ff967b6e373:   0f 41 b0 01 48 8b cb 41 0f b6 d0 e8 2d 16 35 00
0x00007ff967b6e383:   8b 83 40 04 00 00 a8 0c 74 08 48 8b cb e8 0b fe
0x00007ff967b6e393:   00 00 c7 83 44 04 00 00 08 00 00 00 45 33 d2 49
0x00007ff967b6e3a3:   8b 04 24 48 89 45 87 4d 85 f6 75 06 4c 89 55 8f
0x00007ff967b6e3b3:   eb 07 49 8b 06 48 89 45 8f 48 89 5c 24 40 48 8b
0x00007ff967b6e3c3:   83 28 04 00 00 48 89 44 24 48 48 8b 8b 98 03 00
0x00007ff967b6e3d3:   00 48 8b 45 97 48 3b c1 74 04 4c 89 55 97 48 8b
0x00007ff967b6e3e3:   83 a8 03 00 00 48 89 45 a7 48 8b 83 a0 03 00 00
0x00007ff967b6e3f3:   48 89 45 9f 48 8b 83 98 03 00 00 48 89 45 97 4c
0x00007ff967b6e403:   89 93 98 03 00 00 4c 89 93 a8 03 00 00 4c 89 93 


Stack slot to memory mapping:

stack at sp + 0 slots: 0x00000245e774b650 is a thread
stack at sp + 1 slots: 0x000000ece19ff4a0 is pointing into the stack for thread: 0x00000245e774b650
stack at sp + 2 slots: 0x000000ece19ff2f8 is pointing into the stack for thread: 0x00000245e774b650
stack at sp + 3 slots: 0x00007ff9679d3925 jvm.dll
stack at sp + 4 slots: 0x000000ece19ff250 is pointing into the stack for thread: 0x00000245e774b650
stack at sp + 5 slots: 0x00007ffa1412f4e8 ucrtbase.dll
stack at sp + 6 slots: 0x00000245d412ac80 points into unknown readable memory: 0x00007ff9681fcc30 | 30 cc 1f 68 f9 7f 00 00
stack at sp + 7 slots: 0x000000ece19ff2e0 is pointing into the stack for thread: 0x00000245e774b650


---------------  P R O C E S S  ---------------

Threads class SMR info:
_java_thread_list=0x00000245e1c02510, length=44, elements={
0x00000245e1da1a80, 0x00000245e1da2730, 0x00000245e1da4be0, 0x00000245e1da5790,
0x00000245e1da61e0, 0x00000245e1da8c40, 0x00000245e1db2bf0, 0x00000245e1db4550,
0x00000245e61370c0, 0x00000245e6491130, 0x00000245e64c33c0, 0x00000245e64eb9f0,
0x00000245e6924fc0, 0x00000245e6931a50, 0x00000245e6963140, 0x00000245e772fb40,
0x00000245e772e790, 0x00000245e772e100, 0x00000245e7731580, 0x00000245e7730860,
0x00000245e7730ef0, 0x00000245e772ee20, 0x00000245e77301d0, 0x00000245e772f4b0,
0x00000245e7749580, 0x00000245e774afc0, 0x00000245e774ca00, 0x00000245e7749c10,
0x00000245e774a930, 0x00000245e774c370, 0x00000245e774d720, 0x00000245e774d090,
0x00000245e774ddb0, 0x00000245e774e440, 0x00000245e774ead0, 0x00000245e774f160,
0x00000245e774fe80, 0x00000245e7748ef0, 0x00000245e774a2a0, 0x00000245e7750510,
0x00000245e7ada9f0, 0x00000245e8713700, 0x00000245e774f7f0, 0x00000245e774b650
}

Java Threads: ( => current thread )
  0x00000245e1da1a80 JavaThread "Reference Handler"          daemon [_thread_blocked, id=11592, stack(0x000000ecdea00000,0x000000ecdeb00000) (1024K)]
  0x00000245e1da2730 JavaThread "Finalizer"                  daemon [_thread_blocked, id=13416, stack(0x000000ecdeb00000,0x000000ecdec00000) (1024K)]
  0x00000245e1da4be0 JavaThread "Signal Dispatcher"          daemon [_thread_blocked, id=8380, stack(0x000000ecdec00000,0x000000ecded00000) (1024K)]
  0x00000245e1da5790 JavaThread "Attach Listener"            daemon [_thread_blocked, id=13364, stack(0x000000ecded00000,0x000000ecdee00000) (1024K)]
  0x00000245e1da61e0 JavaThread "Service Thread"             daemon [_thread_blocked, id=4532, stack(0x000000ecdee00000,0x000000ecdef00000) (1024K)]
  0x00000245e1da8c40 JavaThread "Monitor Deflation Thread"   daemon [_thread_blocked, id=7116, stack(0x000000ecdef00000,0x000000ecdf000000) (1024K)]
  0x00000245e1db2bf0 JavaThread "C1 CompilerThread0"         daemon [_thread_blocked, id=9032, stack(0x000000ecdf000000,0x000000ecdf100000) (1024K)]
  0x00000245e1db4550 JavaThread "Common-Cleaner"             daemon [_thread_blocked, id=12808, stack(0x000000ecdf100000,0x000000ecdf200000) (1024K)]
  0x00000245e61370c0 JavaThread "Notification Thread"        daemon [_thread_blocked, id=4668, stack(0x000000ecdf400000,0x000000ecdf500000) (1024K)]
  0x00000245e6491130 JavaThread "RMI TCP Accept-0"           daemon [_thread_in_native, id=13932, stack(0x000000ecdf500000,0x000000ecdf600000) (1024K)]
  0x00000245e64c33c0 JavaThread "RMI TCP Accept-57777"       daemon [_thread_in_native, id=8996, stack(0x000000ecdf600000,0x000000ecdf700000) (1024K)]
  0x00000245e64eb9f0 JavaThread "RMI TCP Accept-0"           daemon [_thread_in_native, id=244, stack(0x000000ecdf700000,0x000000ecdf800000) (1024K)]
  0x00000245e6924fc0 JavaThread "RMI Scheduler(0)"           daemon [_thread_blocked, id=4872, stack(0x000000ecdfe00000,0x000000ecdff00000) (1024K)]
  0x00000245e6931a50 JavaThread "RMI TCP Connection(11)-127.0.0.1" daemon [_thread_in_native, id=13520, stack(0x000000ecdff00000,0x000000ece0000000) (1024K)]
  0x00000245e6963140 JavaThread "JMX server connection timeout 32" daemon [_thread_blocked, id=6304, stack(0x000000ece0000000,0x000000ece0100000) (1024K)]
  0x00000245e772fb40 JavaThread "Catalina-utility-1"                [_thread_blocked, id=14356, stack(0x000000ece0200000,0x000000ece0300000) (1024K)]
  0x00000245e772e790 JavaThread "Catalina-utility-2"                [_thread_blocked, id=10912, stack(0x000000ece0300000,0x000000ece0400000) (1024K)]
  0x00000245e772e100 JavaThread "container-0"                       [_thread_blocked, id=8080, stack(0x000000ece0400000,0x000000ece0500000) (1024K)]
  0x00000245e7731580 JavaThread "http-nio-8088-exec-1"       daemon [_thread_blocked, id=3896, stack(0x000000ece0500000,0x000000ece0600000) (1024K)]
  0x00000245e7730860 JavaThread "http-nio-8088-exec-2"       daemon [_thread_blocked, id=14936, stack(0x000000ece0600000,0x000000ece0700000) (1024K)]
  0x00000245e7730ef0 JavaThread "http-nio-8088-exec-3"       daemon [_thread_blocked, id=9960, stack(0x000000ece0700000,0x000000ece0800000) (1024K)]
  0x00000245e772ee20 JavaThread "http-nio-8088-exec-4"       daemon [_thread_blocked, id=6548, stack(0x000000ece0800000,0x000000ece0900000) (1024K)]
  0x00000245e77301d0 JavaThread "http-nio-8088-exec-5"       daemon [_thread_blocked, id=14380, stack(0x000000ece0900000,0x000000ece0a00000) (1024K)]
  0x00000245e772f4b0 JavaThread "http-nio-8088-exec-6"       daemon [_thread_blocked, id=12420, stack(0x000000ece0a00000,0x000000ece0b00000) (1024K)]
  0x00000245e7749580 JavaThread "http-nio-8088-exec-7"       daemon [_thread_blocked, id=10956, stack(0x000000ece0b00000,0x000000ece0c00000) (1024K)]
  0x00000245e774afc0 JavaThread "http-nio-8088-exec-8"       daemon [_thread_blocked, id=13552, stack(0x000000ece0c00000,0x000000ece0d00000) (1024K)]
  0x00000245e774ca00 JavaThread "http-nio-8088-exec-9"       daemon [_thread_blocked, id=13528, stack(0x000000ece0d00000,0x000000ece0e00000) (1024K)]
  0x00000245e7749c10 JavaThread "http-nio-8088-exec-10"      daemon [_thread_blocked, id=13616, stack(0x000000ece0e00000,0x000000ece0f00000) (1024K)]
  0x00000245e774a930 JavaThread "http-nio-8088-Poller"       daemon [_thread_in_native, id=6236, stack(0x000000ece0f00000,0x000000ece1000000) (1024K)]
  0x00000245e774c370 JavaThread "http-nio-8088-Acceptor"     daemon [_thread_in_native, id=13992, stack(0x000000ece1000000,0x000000ece1100000) (1024K)]
  0x00000245e774d720 JavaThread "scheduling-1"                      [_thread_blocked, id=5952, stack(0x000000ece1100000,0x000000ece1200000) (1024K)]
  0x00000245e774d090 JavaThread "mysql-cj-abandoned-connection-cleanup" daemon [_thread_blocked, id=13424, stack(0x000000ece1200000,0x000000ece1300000) (1024K)]
  0x00000245e774ddb0 JavaThread "DestroyJavaVM"                     [_thread_blocked, id=15220, stack(0x000000ecde200000,0x000000ecde300000) (1024K)]
  0x00000245e774e440 JavaThread "HttpClient-32-SelectorManager" daemon [_thread_in_native, id=12096, stack(0x000000ecddf00000,0x000000ecde000000) (1024K)]
  0x00000245e774ead0 JavaThread "HttpClient-33-SelectorManager" daemon [_thread_in_native, id=948, stack(0x000000ece1300000,0x000000ece1400000) (1024K)]
  0x00000245e774f160 JavaThread "HttpClient-33-Worker-0"     daemon [_thread_blocked, id=2852, stack(0x000000ece1400000,0x000000ece1500000) (1024K)]
  0x00000245e774fe80 JavaThread "HttpClient-33-Worker-1"     daemon [_thread_blocked, id=3920, stack(0x000000ece1500000,0x000000ece1600000) (1024K)]
  0x00000245e7748ef0 JavaThread "HttpClient-34-SelectorManager" daemon [_thread_in_native, id=12080, stack(0x000000ecdf300000,0x000000ecdf400000) (1024K)]
  0x00000245e774a2a0 JavaThread "HttpClient-34-Worker-0"     daemon [_thread_blocked, id=776, stack(0x000000ecdfd00000,0x000000ecdfe00000) (1024K)]
  0x00000245e7750510 JavaThread "HttpClient-34-Worker-1"     daemon [_thread_blocked, id=14172, stack(0x000000ece1600000,0x000000ece1700000) (1024K)]
  0x00000245e7ada9f0 JavaThread "C1 CompilerThread1"         daemon [_thread_blocked, id=12444, stack(0x000000ecdf200000,0x000000ecdf300000) (1024K)]
  0x00000245e8713700 JavaThread "C1 CompilerThread2"         daemon [_thread_blocked, id=14056, stack(0x000000ece1700000,0x000000ece1800000) (1024K)]
  0x00000245e774f7f0 JavaThread "HttpClient-35-SelectorManager" daemon [_thread_in_native, id=14288, stack(0x000000ece1800000,0x000000ece1900000) (1024K)]
=>0x00000245e774b650 JavaThread "HttpClient-35-Worker-0"     daemon [_thread_in_vm, id=14636, stack(0x000000ece1900000,0x000000ece1a00000) (1024K)]
Total: 44

Other Threads:
  0x00000245e1d80d50 VMThread "VM Thread"                           [id=13792, stack(0x000000ecde900000,0x000000ecdea00000) (1024K)]
  0x00000245e1d6f100 WatcherThread "VM Periodic Task Thread"        [id=7416, stack(0x000000ecde800000,0x000000ecde900000) (1024K)]
  0x00000245d645c3c0 WorkerThread "GC Thread#0"                     [id=14348, stack(0x000000ecde300000,0x000000ecde400000) (1024K)]
  0x00000245e68911d0 WorkerThread "GC Thread#1"                     [id=7692, stack(0x000000ecdf800000,0x000000ecdf900000) (1024K)]
  0x00000245e6891570 WorkerThread "GC Thread#2"                     [id=13936, stack(0x000000ecdf900000,0x000000ecdfa00000) (1024K)]
  0x00000245e68e9950 WorkerThread "GC Thread#3"                     [id=15056, stack(0x000000ecdfa00000,0x000000ecdfb00000) (1024K)]
  0x00000245e68e9cf0 WorkerThread "GC Thread#4"                     [id=2120, stack(0x000000ecdfb00000,0x000000ecdfc00000) (1024K)]
  0x00000245e68f04b0 WorkerThread "GC Thread#5"                     [id=13736, stack(0x000000ecdfc00000,0x000000ecdfd00000) (1024K)]
  0x00000245d646da00 ConcurrentGCThread "G1 Main Marker"            [id=10836, stack(0x000000ecde400000,0x000000ecde500000) (1024K)]
  0x00000245d646e410 WorkerThread "G1 Conc#0"                       [id=12564, stack(0x000000ecde500000,0x000000ecde600000) (1024K)]
  0x00000245e74c87f0 WorkerThread "G1 Conc#1"                       [id=6616, stack(0x000000ece0100000,0x000000ece0200000) (1024K)]
  0x00000245e1c319e0 ConcurrentGCThread "G1 Refine#0"               [id=6600, stack(0x000000ecde600000,0x000000ecde700000) (1024K)]
  0x00000245e1c33210 ConcurrentGCThread "G1 Service"                [id=6948, stack(0x000000ecde700000,0x000000ecde800000) (1024K)]
Total: 13

Threads with active compile tasks:
Total: 0

VM state: not at safepoint (normal execution)

VM Mutex/Monitor currently owned by a thread: None

Heap address: 0x0000000081000000, size: 2032 MB, Compressed Oops mode: 32-bit

CDS archive(s) mapped at: [0x0000024580000000-0x0000024580c80000-0x0000024580c80000), size 13107200, SharedBaseAddress: 0x0000024580000000, ArchiveRelocationMode: 1.
Compressed class space mapped at: 0x0000024581000000-0x00000245c1000000, reserved size: 1073741824
Narrow klass base: 0x0000024580000000, Narrow klass shift: 0, Narrow klass range: 0x100000000

GC Precious Log:
 CardTable entry size: 512
 Card Set container configuration: InlinePtr #cards 5 size 8 Array Of Cards #cards 12 size 40 Howl #buckets 4 coarsen threshold 1843 Howl Bitmap #cards 512 size 80 coarsen threshold 460 Card regions per heap region 1 cards per card region 2048
 CPUs: 6 total, 6 available
 Memory: 8125M
 Large Page Support: Disabled
 NUMA Support: Disabled
 Compressed Oops: Enabled (32-bit)
 Heap Region Size: 1M
 Heap Min Capacity: 8M
 Heap Initial Capacity: 128M
 Heap Max Capacity: 2032M
 Pre-touch: Disabled
 Parallel Workers: 6
 Concurrent Workers: 2
 Concurrent Refinement Workers: 6
 Periodic GC: Disabled

Heap:
 garbage-first heap   total 100352K, used 83816K [0x0000000081000000, 0x0000000100000000)
  region size 1024K, 28 young (28672K), 3 survivors (3072K)
 Metaspace       used 49699K, committed 50368K, reserved 1114112K
  class space    used 6042K, committed 6336K, reserved 1048576K

Heap Regions: E=young(eden), S=young(survivor), O=old, HS=humongous(starts), HC=humongous(continues), CS=collection set, F=free, TAMS=top-at-mark-start, PB=parsable bottom
|   0|0x0000000081000000, 0x0000000081100000, 0x0000000081100000|100%| O|  |TAMS 0x0000000081000000| PB 0x0000000081000000| Untracked 
|   1|0x0000000081100000, 0x0000000081200000, 0x0000000081200000|100%| O|  |TAMS 0x0000000081100000| PB 0x0000000081100000| Untracked 
|   2|0x0000000081200000, 0x0000000081300000, 0x0000000081300000|100%| O|  |TAMS 0x0000000081200000| PB 0x0000000081200000| Untracked 
|   3|0x0000000081300000, 0x0000000081400000, 0x0000000081400000|100%| O|  |TAMS 0x0000000081300000| PB 0x0000000081300000| Untracked 
|   4|0x0000000081400000, 0x0000000081500000, 0x0000000081500000|100%| O|  |TAMS 0x0000000081400000| PB 0x0000000081400000| Untracked 
|   5|0x0000000081500000, 0x0000000081600000, 0x0000000081600000|100%| O|  |TAMS 0x0000000081500000| PB 0x0000000081500000| Untracked 
|   6|0x0000000081600000, 0x0000000081700000, 0x0000000081700000|100%|HS|  |TAMS 0x0000000081600000| PB 0x0000000081600000| Complete 
|   7|0x0000000081700000, 0x0000000081800000, 0x0000000081800000|100%| O|  |TAMS 0x0000000081700000| PB 0x0000000081700000| Untracked 
|   8|0x0000000081800000, 0x0000000081900000, 0x0000000081900000|100%| O|  |TAMS 0x0000000081800000| PB 0x0000000081800000| Untracked 
|   9|0x0000000081900000, 0x0000000081a00000, 0x0000000081a00000|100%|HS|  |TAMS 0x0000000081900000| PB 0x0000000081900000| Complete 
|  10|0x0000000081a00000, 0x0000000081b00000, 0x0000000081b00000|100%|HS|  |TAMS 0x0000000081a00000| PB 0x0000000081a00000| Complete 
|  11|0x0000000081b00000, 0x0000000081c00000, 0x0000000081c00000|100%| O|  |TAMS 0x0000000081b00000| PB 0x0000000081b00000| Untracked 
|  12|0x0000000081c00000, 0x0000000081d00000, 0x0000000081d00000|100%|HS|  |TAMS 0x0000000081c00000| PB 0x0000000081c00000| Complete 
|  13|0x0000000081d00000, 0x0000000081e00000, 0x0000000081e00000|100%|HC|  |TAMS 0x0000000081d00000| PB 0x0000000081d00000| Complete 
|  14|0x0000000081e00000, 0x0000000081f00000, 0x0000000081f00000|100%|HS|  |TAMS 0x0000000081e00000| PB 0x0000000081e00000| Complete 
|  15|0x0000000081f00000, 0x0000000082000000, 0x0000000082000000|100%|HC|  |TAMS 0x0000000081f00000| PB 0x0000000081f00000| Complete 
|  16|0x0000000082000000, 0x0000000082100000, 0x0000000082100000|100%| O|  |TAMS 0x0000000082000000| PB 0x0000000082000000| Untracked 
|  17|0x0000000082100000, 0x0000000082200000, 0x0000000082200000|100%| O|  |TAMS 0x0000000082100000| PB 0x0000000082100000| Untracked 
|  18|0x0000000082200000, 0x0000000082300000, 0x0000000082300000|100%| O|  |TAMS 0x0000000082200000| PB 0x0000000082200000| Untracked 
|  19|0x0000000082300000, 0x0000000082400000, 0x0000000082400000|100%|HS|  |TAMS 0x0000000082300000| PB 0x0000000082300000| Complete 
|  20|0x0000000082400000, 0x0000000082500000, 0x0000000082500000|100%|HC|  |TAMS 0x0000000082400000| PB 0x0000000082400000| Complete 
|  21|0x0000000082500000, 0x0000000082600000, 0x0000000082600000|100%|HS|  |TAMS 0x0000000082500000| PB 0x0000000082500000| Complete 
|  22|0x0000000082600000, 0x0000000082700000, 0x0000000082700000|100%| O|  |TAMS 0x0000000082600000| PB 0x0000000082600000| Untracked 
|  23|0x0000000082700000, 0x0000000082800000, 0x0000000082800000|100%| O|  |TAMS 0x0000000082700000| PB 0x0000000082700000| Untracked 
|  24|0x0000000082800000, 0x0000000082900000, 0x0000000082900000|100%| O|  |TAMS 0x0000000082800000| PB 0x0000000082800000| Untracked 
|  25|0x0000000082900000, 0x0000000082a00000, 0x0000000082a00000|100%| O|  |TAMS 0x0000000082900000| PB 0x0000000082900000| Untracked 
|  26|0x0000000082a00000, 0x0000000082b00000, 0x0000000082b00000|100%| O|  |TAMS 0x0000000082a00000| PB 0x0000000082a00000| Untracked 
|  27|0x0000000082b00000, 0x0000000082c00000, 0x0000000082c00000|100%|HS|  |TAMS 0x0000000082b00000| PB 0x0000000082b00000| Complete 
|  28|0x0000000082c00000, 0x0000000082d00000, 0x0000000082d00000|100%|HC|  |TAMS 0x0000000082c00000| PB 0x0000000082c00000| Complete 
|  29|0x0000000082d00000, 0x0000000082e00000, 0x0000000082e00000|100%|HS|  |TAMS 0x0000000082d00000| PB 0x0000000082d00000| Complete 
|  30|0x0000000082e00000, 0x0000000082f00000, 0x0000000082f00000|100%|HS|  |TAMS 0x0000000082e00000| PB 0x0000000082e00000| Complete 
|  31|0x0000000082f00000, 0x0000000083000000, 0x0000000083000000|100%|HS|  |TAMS 0x0000000082f00000| PB 0x0000000082f00000| Complete 
|  32|0x0000000083000000, 0x0000000083100000, 0x0000000083100000|100%|HS|  |TAMS 0x0000000083000000| PB 0x0000000083000000| Complete 
|  33|0x0000000083100000, 0x0000000083200000, 0x0000000083200000|100%|HS|  |TAMS 0x0000000083100000| PB 0x0000000083100000| Complete 
|  34|0x0000000083200000, 0x0000000083300000, 0x0000000083300000|100%|HS|  |TAMS 0x0000000083200000| PB 0x0000000083200000| Complete 
|  35|0x0000000083300000, 0x0000000083400000, 0x0000000083400000|100%|HS|  |TAMS 0x0000000083300000| PB 0x0000000083300000| Complete 
|  36|0x0000000083400000, 0x0000000083500000, 0x0000000083500000|100%|HS|  |TAMS 0x0000000083400000| PB 0x0000000083400000| Complete 
|  37|0x0000000083500000, 0x0000000083600000, 0x0000000083600000|100%|HS|  |TAMS 0x0000000083500000| PB 0x0000000083500000| Complete 
|  38|0x0000000083600000, 0x0000000083700000, 0x0000000083700000|100%|HS|  |TAMS 0x0000000083600000| PB 0x0000000083600000| Complete 
|  39|0x0000000083700000, 0x0000000083800000, 0x0000000083800000|100%|HS|  |TAMS 0x0000000083700000| PB 0x0000000083700000| Complete 
|  40|0x0000000083800000, 0x0000000083900000, 0x0000000083900000|100%|HS|  |TAMS 0x0000000083800000| PB 0x0000000083800000| Complete 
|  41|0x0000000083900000, 0x0000000083a00000, 0x0000000083a00000|100%|HS|  |TAMS 0x0000000083900000| PB 0x0000000083900000| Complete 
|  42|0x0000000083a00000, 0x0000000083b00000, 0x0000000083b00000|100%|HS|  |TAMS 0x0000000083a00000| PB 0x0000000083a00000| Complete 
|  43|0x0000000083b00000, 0x0000000083c00000, 0x0000000083c00000|100%|HC|  |TAMS 0x0000000083b00000| PB 0x0000000083b00000| Complete 
|  44|0x0000000083c00000, 0x0000000083d00000, 0x0000000083d00000|100%|HS|  |TAMS 0x0000000083c00000| PB 0x0000000083c00000| Complete 
|  45|0x0000000083d00000, 0x0000000083e00000, 0x0000000083e00000|100%|HC|  |TAMS 0x0000000083d00000| PB 0x0000000083d00000| Complete 
|  46|0x0000000083e00000, 0x0000000083f00000, 0x0000000083f00000|100%|HS|  |TAMS 0x0000000083e00000| PB 0x0000000083e00000| Complete 
|  47|0x0000000083f00000, 0x0000000084000000, 0x0000000084000000|100%|HC|  |TAMS 0x0000000083f00000| PB 0x0000000083f00000| Complete 
|  48|0x0000000084000000, 0x0000000084100000, 0x0000000084100000|100%|HS|  |TAMS 0x0000000084000000| PB 0x0000000084000000| Complete 
|  49|0x0000000084100000, 0x0000000084200000, 0x0000000084200000|100%|HC|  |TAMS 0x0000000084100000| PB 0x0000000084100000| Complete 
|  50|0x0000000084200000, 0x0000000084300000, 0x0000000084300000|100%|HS|  |TAMS 0x0000000084200000| PB 0x0000000084200000| Complete 
|  51|0x0000000084300000, 0x0000000084400000, 0x0000000084400000|100%|HS|  |TAMS 0x0000000084300000| PB 0x0000000084300000| Complete 
|  52|0x0000000084400000, 0x0000000084500000, 0x0000000084500000|100%|HS|  |TAMS 0x0000000084400000| PB 0x0000000084400000| Complete 
|  53|0x0000000084500000, 0x0000000084600000, 0x0000000084600000|100%|HS|  |TAMS 0x0000000084500000| PB 0x0000000084500000| Complete 
|  54|0x0000000084600000, 0x0000000084600000, 0x0000000084700000|  0%| F|  |TAMS 0x0000000084600000| PB 0x0000000084600000| Untracked 
|  55|0x0000000084700000, 0x0000000084700000, 0x0000000084800000|  0%| F|  |TAMS 0x0000000084700000| PB 0x0000000084700000| Untracked 
|  56|0x0000000084800000, 0x0000000084800000, 0x0000000084900000|  0%| F|  |TAMS 0x0000000084800000| PB 0x0000000084800000| Untracked 
|  57|0x0000000084900000, 0x0000000084900000, 0x0000000084a00000|  0%| F|  |TAMS 0x0000000084900000| PB 0x0000000084900000| Untracked 
|  58|0x0000000084a00000, 0x0000000084a00000, 0x0000000084b00000|  0%| F|  |TAMS 0x0000000084a00000| PB 0x0000000084a00000| Untracked 
|  59|0x0000000084b00000, 0x0000000084b00000, 0x0000000084c00000|  0%| F|  |TAMS 0x0000000084b00000| PB 0x0000000084b00000| Untracked 
|  60|0x0000000084c00000, 0x0000000084c00000, 0x0000000084d00000|  0%| F|  |TAMS 0x0000000084c00000| PB 0x0000000084c00000| Untracked 
|  61|0x0000000084d00000, 0x0000000084d00000, 0x0000000084e00000|  0%| F|  |TAMS 0x0000000084d00000| PB 0x0000000084d00000| Untracked 
|  62|0x0000000084e00000, 0x0000000084e00000, 0x0000000084f00000|  0%| F|  |TAMS 0x0000000084e00000| PB 0x0000000084e00000| Untracked 
|  63|0x0000000084f00000, 0x0000000084f00000, 0x0000000085000000|  0%| F|  |TAMS 0x0000000084f00000| PB 0x0000000084f00000| Untracked 
|  64|0x0000000085000000, 0x0000000085000000, 0x0000000085100000|  0%| F|  |TAMS 0x0000000085000000| PB 0x0000000085000000| Untracked 
|  65|0x0000000085100000, 0x0000000085100000, 0x0000000085200000|  0%| F|  |TAMS 0x0000000085100000| PB 0x0000000085100000| Untracked 
|  66|0x0000000085200000, 0x00000000852c8530, 0x0000000085300000| 78%| E|  |TAMS 0x0000000085200000| PB 0x0000000085200000| Complete 
|  67|0x0000000085300000, 0x00000000853b06b0, 0x0000000085400000| 68%| E|  |TAMS 0x0000000085300000| PB 0x0000000085300000| Complete 
|  68|0x0000000085400000, 0x0000000085500000, 0x0000000085500000|100%| E|CS|TAMS 0x0000000085400000| PB 0x0000000085400000| Complete 
|  69|0x0000000085500000, 0x0000000085600000, 0x0000000085600000|100%| E|CS|TAMS 0x0000000085500000| PB 0x0000000085500000| Complete 
|  70|0x0000000085600000, 0x0000000085700000, 0x0000000085700000|100%| E|CS|TAMS 0x0000000085600000| PB 0x0000000085600000| Complete 
|  71|0x0000000085700000, 0x0000000085800000, 0x0000000085800000|100%| E|CS|TAMS 0x0000000085700000| PB 0x0000000085700000| Complete 
|  72|0x0000000085800000, 0x0000000085900000, 0x0000000085900000|100%| E|CS|TAMS 0x0000000085800000| PB 0x0000000085800000| Complete 
|  73|0x0000000085900000, 0x0000000085a00000, 0x0000000085a00000|100%| E|CS|TAMS 0x0000000085900000| PB 0x0000000085900000| Complete 
|  74|0x0000000085a00000, 0x0000000085b00000, 0x0000000085b00000|100%| E|CS|TAMS 0x0000000085a00000| PB 0x0000000085a00000| Complete 
|  75|0x0000000085b00000, 0x0000000085c00000, 0x0000000085c00000|100%| E|CS|TAMS 0x0000000085b00000| PB 0x0000000085b00000| Complete 
|  76|0x0000000085c00000, 0x0000000085d00000, 0x0000000085d00000|100%| E|CS|TAMS 0x0000000085c00000| PB 0x0000000085c00000| Complete 
|  77|0x0000000085d00000, 0x0000000085e00000, 0x0000000085e00000|100%| E|CS|TAMS 0x0000000085d00000| PB 0x0000000085d00000| Complete 
|  78|0x0000000085e00000, 0x0000000085f00000, 0x0000000085f00000|100%| E|CS|TAMS 0x0000000085e00000| PB 0x0000000085e00000| Complete 
|  79|0x0000000085f00000, 0x0000000086000000, 0x0000000086000000|100%| E|CS|TAMS 0x0000000085f00000| PB 0x0000000085f00000| Complete 
|  80|0x0000000086000000, 0x0000000086100000, 0x0000000086100000|100%| E|CS|TAMS 0x0000000086000000| PB 0x0000000086000000| Complete 
|  81|0x0000000086100000, 0x0000000086200000, 0x0000000086200000|100%| E|CS|TAMS 0x0000000086100000| PB 0x0000000086100000| Complete 
|  82|0x0000000086200000, 0x0000000086300000, 0x0000000086300000|100%| E|CS|TAMS 0x0000000086200000| PB 0x0000000086200000| Complete 
|  83|0x0000000086300000, 0x0000000086400000, 0x0000000086400000|100%| E|CS|TAMS 0x0000000086300000| PB 0x0000000086300000| Complete 
|  84|0x0000000086400000, 0x0000000086500000, 0x0000000086500000|100%| E|CS|TAMS 0x0000000086400000| PB 0x0000000086400000| Complete 
|  85|0x0000000086500000, 0x0000000086600000, 0x0000000086600000|100%| E|CS|TAMS 0x0000000086500000| PB 0x0000000086500000| Complete 
|  86|0x0000000086600000, 0x0000000086700000, 0x0000000086700000|100%| E|CS|TAMS 0x0000000086600000| PB 0x0000000086600000| Complete 
|  87|0x0000000086700000, 0x0000000086800000, 0x0000000086800000|100%| E|CS|TAMS 0x0000000086700000| PB 0x0000000086700000| Complete 
|  88|0x0000000086800000, 0x0000000086900000, 0x0000000086900000|100%| E|CS|TAMS 0x0000000086800000| PB 0x0000000086800000| Complete 
|  89|0x0000000086900000, 0x0000000086a00000, 0x0000000086a00000|100%| S|CS|TAMS 0x0000000086900000| PB 0x0000000086900000| Complete 
|  90|0x0000000086a00000, 0x0000000086b00000, 0x0000000086b00000|100%| S|CS|TAMS 0x0000000086a00000| PB 0x0000000086a00000| Complete 
|  91|0x0000000086b00000, 0x0000000086b0ab40, 0x0000000086c00000|  4%| S|CS|TAMS 0x0000000086b00000| PB 0x0000000086b00000| Complete 
| 127|0x0000000088f00000, 0x0000000089000000, 0x0000000089000000|100%| E|CS|TAMS 0x0000000088f00000| PB 0x0000000088f00000| Complete 
|2027|0x00000000ffb00000, 0x00000000ffb1b7f8, 0x00000000ffc00000| 10%| O|  |TAMS 0x00000000ffb00000| PB 0x00000000ffb00000| Untracked 
|2028|0x00000000ffc00000, 0x00000000ffcb3f78, 0x00000000ffd00000| 70%| O|Cm|TAMS 0x00000000ffc00000| PB 0x00000000ffc00000| Complete 
|2029|0x00000000ffd00000, 0x00000000ffe00000, 0x00000000ffe00000|100%| E|CS|TAMS 0x00000000ffd00000| PB 0x00000000ffd00000| Complete 
|2030|0x00000000ffe00000, 0x00000000fff00000, 0x00000000fff00000|100%| O|  |TAMS 0x00000000ffe00000| PB 0x00000000ffe00000| Untracked 
|2031|0x00000000fff00000, 0x0000000100000000, 0x0000000100000000|100%| O|  |TAMS 0x00000000fff00000| PB 0x00000000fff00000| Untracked 

Card table byte_map: [0x00000245dd1a0000,0x00000245dd5a0000] _byte_map_base: 0x00000245dcd98000

Marking Bits: (CMBitMap*) 0x00000245d645c9d0
 Bits: [0x00000245dd5a0000, 0x00000245df560000)

Polling page: 0x00000245d4300000

Metaspace:

Usage:
  Non-class:     42.63 MB used.
      Class:      5.90 MB used.
       Both:     48.54 MB used.

Virtual space:
  Non-class space:       64.00 MB reserved,      43.00 MB ( 67%) committed,  1 nodes.
      Class space:        1.00 GB reserved,       6.19 MB ( <1%) committed,  1 nodes.
             Both:        1.06 GB reserved,      49.19 MB (  5%) committed. 

Chunk freelists:
   Non-Class:  4.67 MB
       Class:  9.80 MB
        Both:  14.47 MB

MaxMetaspaceSize: unlimited
CompressedClassSpaceSize: 1.00 GB
Initial GC threshold: 21.00 MB
Current GC threshold: 81.88 MB
CDS: on
 - commit_granule_bytes: 65536.
 - commit_granule_words: 8192.
 - virtual_space_node_default_size: 8388608.
 - enlarge_chunks_in_place: 1.
 - use_allocation_guard: 0.


Internal statistics:

num_allocs_failed_limit: 6.
num_arena_births: 788.
num_arena_deaths: 270.
num_vsnodes_births: 2.
num_vsnodes_deaths: 0.
num_space_committed: 787.
num_space_uncommitted: 0.
num_chunks_returned_to_freelist: 320.
num_chunks_taken_from_freelist: 2350.
num_chunk_merges: 88.
num_chunk_splits: 1604.
num_chunks_enlarged: 1217.
num_inconsistent_stats: 0.

CodeCache: size=49152Kb used=12727Kb max_used=13445Kb free=36424Kb
 bounds [0x00000245d9da0000, 0x00000245dab50000, 0x00000245dcda0000]
 total_blobs=6209 nmethods=5525 adapters=605
 compilation: enabled
              stopped_count=0, restarted_count=0
 full_count=0

Compilation events (20 events):
Event: 553.617 Thread 0x00000245e1db2bf0 nmethod 7920 0x00000245da7cb590 code [0x00000245da7cb720, 0x00000245da7cb7e8]
Event: 553.617 Thread 0x00000245e8713700 nmethod 7921 0x00000245da7dc190 code [0x00000245da7dc320, 0x00000245da7dc3e8]
Event: 553.617 Thread 0x00000245e1db2bf0 7922       1       org.springframework.web.servlet.mvc.method.RequestMappingInfo::getProducesCondition (5 bytes)
Event: 553.617 Thread 0x00000245e1db2bf0 nmethod 7922 0x00000245da7eb710 code [0x00000245da7eb8a0, 0x00000245da7eb968]
Event: 553.618 Thread 0x00000245e1db2bf0 7923       1       org.springframework.util.MimeType$$Lambda/0x00000245811b51f0::accept (20 bytes)
Event: 553.618 Thread 0x00000245e7ada9f0 7924       1       org.springframework.util.MimeType::lambda$new$0 (16 bytes)
Event: 553.618 Thread 0x00000245e7ada9f0 nmethod 7924 0x00000245da803910 code [0x00000245da803ac0, 0x00000245da803c00]
Event: 553.618 Thread 0x00000245e1db2bf0 nmethod 7923 0x00000245da1bb310 code [0x00000245da1bb4c0, 0x00000245da1bb690]
Event: 555.190 Thread 0x00000245e8713700 7925       1       sun.security.ec.point.ProjectivePoint$Mutable::setValue (63 bytes)
Event: 555.190 Thread 0x00000245e8713700 nmethod 7925 0x00000245da660210 code [0x00000245da660400, 0x00000245da660840]
Event: 555.194 Thread 0x00000245e7ada9f0 7926   !   1       com.mysql.cj.util.StringUtils::getBytes (50 bytes)
Event: 555.194 Thread 0x00000245e7ada9f0 nmethod 7926 0x00000245da365d90 code [0x00000245da366000, 0x00000245da366690]
Event: 555.242 Thread 0x00000245e7ada9f0 7927       1       java.lang.StackTraceElement::toString (298 bytes)
Event: 555.242 Thread 0x00000245e8713700 7928       1       java.lang.StackTraceElement::dropClassLoaderName (16 bytes)
Event: 555.242 Thread 0x00000245e1db2bf0 7929       1       java.lang.StackTraceElement::isNativeMethod (15 bytes)
Event: 555.242 Thread 0x00000245e8713700 nmethod 7928 0x00000245da812a10 code [0x00000245da812ba0, 0x00000245da812c80]
Event: 555.242 Thread 0x00000245e1db2bf0 nmethod 7929 0x00000245da819690 code [0x00000245da819820, 0x00000245da8198f8]
Event: 555.243 Thread 0x00000245e7ada9f0 nmethod 7927 0x00000245da39fd10 code [0x00000245da39ffe0, 0x00000245da3a0728]
Event: 555.243 Thread 0x00000245e7ada9f0 7930       1       com.fasterxml.jackson.core.JsonGenerator$Feature::enabledIn (15 bytes)
Event: 555.243 Thread 0x00000245e7ada9f0 nmethod 7930 0x00000245da821610 code [0x00000245da8217a0, 0x00000245da821880]

GC Heap History (20 events):
Event: 259.301 GC heap before
{Heap before GC invocations=23 (full 0):
 garbage-first heap   total 75776K, used 74001K [0x0000000081000000, 0x0000000100000000)
  region size 1024K, 18 young (18432K), 1 survivors (1024K)
 Metaspace       used 49580K, committed 50368K, reserved 1114112K
  class space    used 6024K, committed 6336K, reserved 1048576K
}
Event: 259.302 GC heap after
{Heap after GC invocations=24 (full 0):
 garbage-first heap   total 76800K, used 22845K [0x0000000081000000, 0x0000000100000000)
  region size 1024K, 1 young (1024K), 1 survivors (1024K)
 Metaspace       used 49580K, committed 50368K, reserved 1114112K
  class space    used 6024K, committed 6336K, reserved 1048576K
}
Event: 259.730 GC heap before
{Heap before GC invocations=24 (full 0):
 garbage-first heap   total 83968K, used 82237K [0x0000000081000000, 0x0000000100000000)
  region size 1024K, 18 young (18432K), 1 survivors (1024K)
 Metaspace       used 49580K, committed 50368K, reserved 1114112K
  class space    used 6024K, committed 6336K, reserved 1048576K
}
Event: 259.733 GC heap after
{Heap after GC invocations=25 (full 0):
 garbage-first heap   total 87040K, used 23384K [0x0000000081000000, 0x0000000100000000)
  region size 1024K, 2 young (2048K), 2 survivors (2048K)
 Metaspace       used 49580K, committed 50368K, reserved 1114112K
  class space    used 6024K, committed 6336K, reserved 1048576K
}
Event: 259.733 GC heap before
{Heap before GC invocations=25 (full 0):
 garbage-first heap   total 87040K, used 24408K [0x0000000081000000, 0x0000000100000000)
  region size 1024K, 4 young (4096K), 2 survivors (2048K)
 Metaspace       used 49580K, committed 50368K, reserved 1114112K
  class space    used 6024K, committed 6336K, reserved 1048576K
}
Event: 259.735 GC heap after
{Heap after GC invocations=26 (full 0):
 garbage-first heap   total 87040K, used 23706K [0x0000000081000000, 0x0000000100000000)
  region size 1024K, 3 young (3072K), 3 survivors (3072K)
 Metaspace       used 49580K, committed 50368K, reserved 1114112K
  class space    used 6024K, committed 6336K, reserved 1048576K
}
Event: 332.840 GC heap before
{Heap before GC invocations=27 (full 0):
 garbage-first heap   total 88064K, used 85146K [0x0000000081000000, 0x0000000100000000)
  region size 1024K, 34 young (34816K), 3 survivors (3072K)
 Metaspace       used 49618K, committed 50368K, reserved 1114112K
  class space    used 6030K, committed 6336K, reserved 1048576K
}
Event: 332.842 GC heap after
{Heap after GC invocations=28 (full 0):
 garbage-first heap   total 91136K, used 24986K [0x0000000081000000, 0x0000000100000000)
  region size 1024K, 3 young (3072K), 3 survivors (3072K)
 Metaspace       used 49618K, committed 50368K, reserved 1114112K
  class space    used 6030K, committed 6336K, reserved 1048576K
}
Event: 369.801 GC heap before
{Heap before GC invocations=28 (full 0):
 garbage-first heap   total 117760K, used 115098K [0x0000000081000000, 0x0000000100000000)
  region size 1024K, 27 young (27648K), 3 survivors (3072K)
 Metaspace       used 49670K, committed 50368K, reserved 1114112K
  class space    used 6039K, committed 6336K, reserved 1048576K
}
Event: 369.803 GC heap after
{Heap after GC invocations=29 (full 0):
 garbage-first heap   total 119808K, used 21221K [0x0000000081000000, 0x0000000100000000)
  region size 1024K, 2 young (2048K), 2 survivors (2048K)
 Metaspace       used 49670K, committed 50368K, reserved 1114112K
  class space    used 6039K, committed 6336K, reserved 1048576K
}
Event: 369.804 GC heap before
{Heap before GC invocations=29 (full 0):
 garbage-first heap   total 119808K, used 21221K [0x0000000081000000, 0x0000000100000000)
  region size 1024K, 3 young (3072K), 2 survivors (2048K)
 Metaspace       used 49670K, committed 50368K, reserved 1114112K
  class space    used 6039K, committed 6336K, reserved 1048576K
}
Event: 369.805 GC heap after
{Heap after GC invocations=30 (full 0):
 garbage-first heap   total 119808K, used 21727K [0x0000000081000000, 0x0000000100000000)
  region size 1024K, 2 young (2048K), 2 survivors (2048K)
 Metaspace       used 49670K, committed 50368K, reserved 1114112K
  class space    used 6039K, committed 6336K, reserved 1048576K
}
Event: 389.465 GC heap before
{Heap before GC invocations=31 (full 0):
 garbage-first heap   total 97280K, used 95455K [0x0000000081000000, 0x0000000100000000)
  region size 1024K, 15 young (15360K), 2 survivors (2048K)
 Metaspace       used 49670K, committed 50368K, reserved 1114112K
  class space    used 6039K, committed 6336K, reserved 1048576K
}
Event: 389.467 GC heap after
{Heap after GC invocations=32 (full 0):
 garbage-first heap   total 100352K, used 30747K [0x0000000081000000, 0x0000000100000000)
  region size 1024K, 3 young (3072K), 3 survivors (3072K)
 Metaspace       used 49670K, committed 50368K, reserved 1114112K
  class space    used 6039K, committed 6336K, reserved 1048576K
}
Event: 407.838 GC heap before
{Heap before GC invocations=32 (full 0):
 garbage-first heap   total 101376K, used 99355K [0x0000000081000000, 0x0000000100000000)
  region size 1024K, 16 young (16384K), 3 survivors (3072K)
 Metaspace       used 49670K, committed 50368K, reserved 1114112K
  class space    used 6039K, committed 6336K, reserved 1048576K
}
Event: 407.840 GC heap after
{Heap after GC invocations=33 (full 0):
 garbage-first heap   total 104448K, used 21270K [0x0000000081000000, 0x0000000100000000)
  region size 1024K, 2 young (2048K), 2 survivors (2048K)
 Metaspace       used 49670K, committed 50368K, reserved 1114112K
  class space    used 6039K, committed 6336K, reserved 1048576K
}
Event: 422.071 GC heap before
{Heap before GC invocations=33 (full 0):
 garbage-first heap   total 104448K, used 32534K [0x0000000081000000, 0x0000000100000000)
  region size 1024K, 15 young (15360K), 2 survivors (2048K)
 Metaspace       used 49670K, committed 50368K, reserved 1114112K
  class space    used 6039K, committed 6336K, reserved 1048576K
}
Event: 422.073 GC heap after
{Heap after GC invocations=34 (full 0):
 garbage-first heap   total 104448K, used 23194K [0x0000000081000000, 0x0000000100000000)
  region size 1024K, 3 young (3072K), 3 survivors (3072K)
 Metaspace       used 49670K, committed 50368K, reserved 1114112K
  class space    used 6039K, committed 6336K, reserved 1048576K
}
Event: 482.033 GC heap before
{Heap before GC invocations=35 (full 0):
 garbage-first heap   total 96256K, used 94874K [0x0000000081000000, 0x0000000100000000)
  region size 1024K, 49 young (50176K), 3 survivors (3072K)
 Metaspace       used 49699K, committed 50368K, reserved 1114112K
  class space    used 6042K, committed 6336K, reserved 1048576K
}
Event: 482.034 GC heap after
{Heap after GC invocations=36 (full 0):
 garbage-first heap   total 100352K, used 23400K [0x0000000081000000, 0x0000000100000000)
  region size 1024K, 3 young (3072K), 3 survivors (3072K)
 Metaspace       used 49699K, committed 50368K, reserved 1114112K
  class space    used 6042K, committed 6336K, reserved 1048576K
}

Dll operation events (11 events):
Event: 0.005 Loaded shared library C:\Users\system1\.p2\pool\plugins\org.eclipse.justj.openjdk.hotspot.jre.full.win32.x86_64_21.0.6.v20250130-0529\jre\bin\java.dll
Event: 0.033 Loaded shared library C:\Users\system1\.p2\pool\plugins\org.eclipse.justj.openjdk.hotspot.jre.full.win32.x86_64_21.0.6.v20250130-0529\jre\bin\zip.dll
Event: 0.094 Loaded shared library C:\Users\system1\.p2\pool\plugins\org.eclipse.justj.openjdk.hotspot.jre.full.win32.x86_64_21.0.6.v20250130-0529\jre\bin\jimage.dll
Event: 0.098 Loaded shared library C:\Users\system1\.p2\pool\plugins\org.eclipse.justj.openjdk.hotspot.jre.full.win32.x86_64_21.0.6.v20250130-0529\jre\bin\net.dll
Event: 0.100 Loaded shared library C:\Users\system1\.p2\pool\plugins\org.eclipse.justj.openjdk.hotspot.jre.full.win32.x86_64_21.0.6.v20250130-0529\jre\bin\nio.dll
Event: 0.102 Loaded shared library C:\Users\system1\.p2\pool\plugins\org.eclipse.justj.openjdk.hotspot.jre.full.win32.x86_64_21.0.6.v20250130-0529\jre\bin\zip.dll
Event: 0.132 Loaded shared library C:\Users\system1\.p2\pool\plugins\org.eclipse.justj.openjdk.hotspot.jre.full.win32.x86_64_21.0.6.v20250130-0529\jre\bin\management.dll
Event: 0.143 Loaded shared library C:\Users\system1\.p2\pool\plugins\org.eclipse.justj.openjdk.hotspot.jre.full.win32.x86_64_21.0.6.v20250130-0529\jre\bin\management_ext.dll
Event: 0.333 Loaded shared library C:\Users\system1\.p2\pool\plugins\org.eclipse.justj.openjdk.hotspot.jre.full.win32.x86_64_21.0.6.v20250130-0529\jre\bin\extnet.dll
Event: 0.376 Loaded shared library C:\Users\system1\.p2\pool\plugins\org.eclipse.justj.openjdk.hotspot.jre.full.win32.x86_64_21.0.6.v20250130-0529\jre\bin\verify.dll
Event: 1.531 Loaded shared library C:\Users\system1\.p2\pool\plugins\org.eclipse.justj.openjdk.hotspot.jre.full.win32.x86_64_21.0.6.v20250130-0529\jre\bin\sunmscapi.dll

Deoptimization events (0 events):
No events

Classes loaded (20 events):
Event: 212.238 Loading class java/lang/StringIndexOutOfBoundsException
Event: 212.238 Loading class java/lang/StringIndexOutOfBoundsException done
Event: 212.239 Loading class java/util/concurrent/atomic/AtomicReferenceFieldUpdater
Event: 212.239 Loading class java/util/concurrent/atomic/AtomicReferenceFieldUpdater done
Event: 212.239 Loading class java/util/concurrent/atomic/AtomicReferenceFieldUpdater$AtomicReferenceFieldUpdaterImpl
Event: 212.239 Loading class java/util/concurrent/atomic/AtomicReferenceFieldUpdater$AtomicReferenceFieldUpdaterImpl done
Event: 212.239 Loading class java/util/concurrent/atomic/AtomicReferenceFieldUpdater$AtomicReferenceFieldUpdaterImpl$1
Event: 212.239 Loading class java/util/concurrent/atomic/AtomicReferenceFieldUpdater$AtomicReferenceFieldUpdaterImpl$1 done
Event: 212.240 Loading class java/lang/Throwable$WrappedPrintStream
Event: 212.240 Loading class java/lang/Throwable$WrappedPrintStream done
Event: 350.301 Loading class java/lang/ObjectCustomizer
Event: 350.301 Loading class java/lang/ObjectCustomizer done
Event: 350.302 Loading class java/lang/ObjectCustomizer
Event: 350.302 Loading class java/lang/ObjectCustomizer done
Event: 466.756 Loading class java/util/concurrent/locks/ReentrantReadWriteLock$Sync$HoldCounter
Event: 466.756 Loading class java/util/concurrent/locks/ReentrantReadWriteLock$Sync$HoldCounter done
Event: 466.762 Loading class java/text/ParsePosition
Event: 466.762 Loading class java/text/ParsePosition done
Event: 466.762 Loading class java/text/CalendarBuilder
Event: 466.762 Loading class java/text/CalendarBuilder done

Classes unloaded (20 events):
Event: 212.256 Thread 0x00000245e1d80d50 Unloading class 0x000002458162ac00 'java/lang/invoke/LambdaForm$MH+0x000002458162ac00'
Event: 212.256 Thread 0x00000245e1d80d50 Unloading class 0x000002458162a000 'java/lang/invoke/LambdaForm$MH+0x000002458162a000'
Event: 212.256 Thread 0x00000245e1d80d50 Unloading class 0x0000024581629c00 'java/lang/invoke/LambdaForm$MH+0x0000024581629c00'
Event: 212.256 Thread 0x00000245e1d80d50 Unloading class 0x0000024581629800 'java/lang/invoke/LambdaForm$MH+0x0000024581629800'
Event: 212.256 Thread 0x00000245e1d80d50 Unloading class 0x0000024581629400 'java/lang/invoke/LambdaForm$MH+0x0000024581629400'
Event: 212.256 Thread 0x00000245e1d80d50 Unloading class 0x0000024581628800 'java/lang/invoke/LambdaForm$MH+0x0000024581628800'
Event: 212.256 Thread 0x00000245e1d80d50 Unloading class 0x0000024581628400 'java/lang/invoke/LambdaForm$MH+0x0000024581628400'
Event: 212.256 Thread 0x00000245e1d80d50 Unloading class 0x0000024581628000 'java/lang/invoke/LambdaForm$MH+0x0000024581628000'
Event: 212.256 Thread 0x00000245e1d80d50 Unloading class 0x0000024581618800 'java/lang/invoke/LambdaForm$MH+0x0000024581618800'
Event: 212.256 Thread 0x00000245e1d80d50 Unloading class 0x0000024581618400 'java/lang/invoke/LambdaForm$MH+0x0000024581618400'
Event: 212.256 Thread 0x00000245e1d80d50 Unloading class 0x0000024581618000 'java/lang/invoke/LambdaForm$MH+0x0000024581618000'
Event: 212.256 Thread 0x00000245e1d80d50 Unloading class 0x0000024581613c00 'java/lang/invoke/LambdaForm$MH+0x0000024581613c00'
Event: 212.256 Thread 0x00000245e1d80d50 Unloading class 0x0000024581612000 'java/lang/invoke/LambdaForm$DMH+0x0000024581612000'
Event: 212.256 Thread 0x00000245e1d80d50 Unloading class 0x0000024581611800 'java/lang/invoke/LambdaForm$DMH+0x0000024581611800'
Event: 212.256 Thread 0x00000245e1d80d50 Unloading class 0x0000024581611000 'java/lang/invoke/LambdaForm$DMH+0x0000024581611000'
Event: 212.256 Thread 0x00000245e1d80d50 Unloading class 0x000002458160dc00 'java/lang/invoke/LambdaForm$MH+0x000002458160dc00'
Event: 212.256 Thread 0x00000245e1d80d50 Unloading class 0x000002458160d800 'java/lang/invoke/LambdaForm$MH+0x000002458160d800'
Event: 212.256 Thread 0x00000245e1d80d50 Unloading class 0x000002458160c800 'java/lang/invoke/LambdaForm$DMH+0x000002458160c800'
Event: 212.256 Thread 0x00000245e1d80d50 Unloading class 0x00000245815d8c00 'java/lang/invoke/LambdaForm$MH+0x00000245815d8c00'
Event: 212.256 Thread 0x00000245e1d80d50 Unloading class 0x00000245815d8800 'java/lang/invoke/LambdaForm$MH+0x00000245815d8800'

Classes redefined (0 events):
No events

Internal exceptions (20 events):
Event: 142.647 Thread 0x00000245e7730860 Exception <a 'java/io/IOException'{0x0000000083582bc8}> (0x0000000083582bc8) 
thrown [s\src\hotspot\share\prims\jni.cpp, line 520]
Event: 147.100 Thread 0x00000245e77301d0 Exception <a 'java/io/IOException'{0x00000000834f6230}> (0x00000000834f6230) 
thrown [s\src\hotspot\share\prims\jni.cpp, line 520]
Event: 182.038 Thread 0x00000245e774d720 Exception <a 'java/io/IOException'{0x000000008650bc30}> (0x000000008650bc30) 
thrown [s\src\hotspot\share\prims\jni.cpp, line 520]
Event: 212.044 Thread 0x00000245e774d720 Exception <a 'java/io/IOException'{0x0000000088fdde70}> (0x0000000088fdde70) 
thrown [s\src\hotspot\share\prims\jni.cpp, line 520]
Event: 212.745 Thread 0x00000245e774d720 Exception <a 'java/io/IOException'{0x0000000083b809b8}> (0x0000000083b809b8) 
thrown [s\src\hotspot\share\prims\jni.cpp, line 520]
Event: 212.894 Thread 0x00000245e774d720 Exception <a 'java/io/IOException'{0x0000000086483c08}> (0x0000000086483c08) 
thrown [s\src\hotspot\share\prims\jni.cpp, line 520]
Event: 259.344 Thread 0x00000245e774d720 Exception <a 'java/io/IOException'{0x00000000866c2040}> (0x00000000866c2040) 
thrown [s\src\hotspot\share\prims\jni.cpp, line 520]
Event: 287.622 Thread 0x00000245e774ca00 Exception <a 'java/lang/ArrayIndexOutOfBoundsException'{0x0000000085a30e80}> (0x0000000085a30e80) 
thrown [s\src\hotspot\share\runtime\sharedRuntime.cpp, line 625]
Event: 300.584 Thread 0x00000245e6931a50 Exception <a 'java/lang/NoSuchMethodError'{0x000000008514c698}: static [B.<clinit>()V> (0x000000008514c698) 
thrown [s\src\hotspot\share\prims\jni.cpp, line 1111]
Event: 302.105 Thread 0x00000245e774d720 Exception <a 'java/io/IOException'{0x0000000084e8bc28}> (0x0000000084e8bc28) 
thrown [s\src\hotspot\share\prims\jni.cpp, line 520]
Event: 345.805 Thread 0x00000245e774d720 Exception <a 'java/io/IOException'{0x00000000863bdc38}> (0x00000000863bdc38) 
thrown [s\src\hotspot\share\prims\jni.cpp, line 520]
Event: 350.302 Thread 0x00000245e774afc0 Exception <a 'java/lang/ClassNotFoundException'{0x000000008582d120}: java/lang/ObjectCustomizer> (0x000000008582d120) 
thrown [s\src\hotspot\share\classfile\systemDictionary.cpp, line 312]
Event: 350.303 Thread 0x00000245e774afc0 Exception <a 'java/lang/ClassNotFoundException'{0x0000000085836ae8}: com/abhiyantrikitech/model/FaceDetectionMasterCustomizer> (0x0000000085836ae8) 
thrown [s\src\hotspot\share\classfile\systemDictionary.cpp, line 312]
Event: 369.518 Thread 0x00000245e774d720 Exception <a 'java/io/IOException'{0x0000000084bd4e88}> (0x0000000084bd4e88) 
thrown [s\src\hotspot\share\prims\jni.cpp, line 520]
Event: 369.553 Thread 0x00000245e774afc0 Exception <a 'java/io/IOException'{0x0000000084a04920}> (0x0000000084a04920) 
thrown [s\src\hotspot\share\prims\jni.cpp, line 520]
Event: 389.456 Thread 0x00000245e774d720 Exception <a 'java/io/IOException'{0x0000000085888ff8}> (0x0000000085888ff8) 
thrown [s\src\hotspot\share\prims\jni.cpp, line 520]
Event: 389.475 Thread 0x00000245e774d720 Exception <a 'java/io/IOException'{0x0000000088f52ff8}> (0x0000000088f52ff8) 
thrown [s\src\hotspot\share\prims\jni.cpp, line 520]
Event: 404.356 Thread 0x00000245e7730ef0 Exception <a 'java/io/IOException'{0x00000000863c05a0}> (0x00000000863c05a0) 
thrown [s\src\hotspot\share\prims\jni.cpp, line 520]
Event: 424.753 Thread 0x00000245e7749c10 Exception <a 'java/io/IOException'{0x0000000085ed72c8}> (0x0000000085ed72c8) 
thrown [s\src\hotspot\share\prims\jni.cpp, line 520]
Event: 466.660 Thread 0x00000245e7731580 Exception <a 'java/lang/ArrayIndexOutOfBoundsException'{0x0000000084204268}> (0x0000000084204268) 
thrown [s\src\hotspot\share\runtime\sharedRuntime.cpp, line 625]

ZGC Phase Switch (0 events):
No events

VM Operations (20 events):
Event: 482.032 Executing VM operation: G1CollectForAllocation (G1 Evacuation Pause)
Event: 482.034 Executing VM operation: G1CollectForAllocation (G1 Evacuation Pause) done
Event: 483.045 Executing VM operation: Cleanup
Event: 483.045 Executing VM operation: Cleanup done
Event: 496.191 Executing VM operation: Cleanup
Event: 496.191 Executing VM operation: Cleanup done
Event: 512.329 Executing VM operation: Cleanup
Event: 512.329 Executing VM operation: Cleanup done
Event: 539.571 Executing VM operation: Cleanup
Event: 539.572 Executing VM operation: Cleanup done
Event: 541.514 Executing VM operation: HandshakeAllThreads (HandshakeForDeflation)
Event: 541.514 Executing VM operation: HandshakeAllThreads (HandshakeForDeflation) done
Event: 541.514 Executing VM operation: Cleanup
Event: 541.514 Executing VM operation: Cleanup done
Event: 541.514 Executing VM operation: RendezvousGCThreads
Event: 541.514 Executing VM operation: RendezvousGCThreads done
Event: 542.521 Executing VM operation: Cleanup
Event: 542.521 Executing VM operation: Cleanup done
Event: 553.652 Executing VM operation: Cleanup
Event: 553.653 Executing VM operation: Cleanup done

Memory protections (0 events):
No events

Nmethod flushes (20 events):
Event: 369.823 Thread 0x00000245e1d80d50 flushing  nmethod 0x00000245da814190
Event: 369.823 Thread 0x00000245e1d80d50 flushing  nmethod 0x00000245da815790
Event: 369.823 Thread 0x00000245e1d80d50 flushing  nmethod 0x00000245da848090
Event: 369.823 Thread 0x00000245e1d80d50 flushing  nmethod 0x00000245da849c90
Event: 369.823 Thread 0x00000245e1d80d50 flushing  nmethod 0x00000245da85b210
Event: 369.823 Thread 0x00000245e1d80d50 flushing  nmethod 0x00000245da85e410
Event: 369.823 Thread 0x00000245e1d80d50 flushing  nmethod 0x00000245da85e810
Event: 369.823 Thread 0x00000245e1d80d50 flushing  nmethod 0x00000245da867b90
Event: 369.823 Thread 0x00000245e1d80d50 flushing  nmethod 0x00000245da86b090
Event: 369.823 Thread 0x00000245e1d80d50 flushing  nmethod 0x00000245da86c710
Event: 369.823 Thread 0x00000245e1d80d50 flushing  nmethod 0x00000245da86ca10
Event: 369.823 Thread 0x00000245e1d80d50 flushing  nmethod 0x00000245da87e590
Event: 369.823 Thread 0x00000245e1d80d50 flushing  nmethod 0x00000245da87e990
Event: 369.823 Thread 0x00000245e1d80d50 flushing  nmethod 0x00000245da87f790
Event: 369.823 Thread 0x00000245e1d80d50 flushing  nmethod 0x00000245da880290
Event: 369.823 Thread 0x00000245e1d80d50 flushing  nmethod 0x00000245da880710
Event: 369.823 Thread 0x00000245e1d80d50 flushing  nmethod 0x00000245da8afe10
Event: 369.823 Thread 0x00000245e1d80d50 flushing  nmethod 0x00000245da8f9190
Event: 369.823 Thread 0x00000245e1d80d50 flushing  nmethod 0x00000245da8f9d10
Event: 369.823 Thread 0x00000245e1d80d50 flushing  nmethod 0x00000245da93a690

Events (20 events):
Event: 482.036 Thread 0x00000245e774b650 Thread exited: 0x00000245e774b650
Event: 482.036 Thread 0x00000245e774fe80 Thread exited: 0x00000245e774fe80
Event: 482.038 Thread 0x00000245e774d720 Thread added: 0x00000245e774e440
Event: 482.039 Thread 0x00000245e774e440 Thread added: 0x00000245e774bce0
Event: 482.040 Thread 0x00000245e774e440 Thread added: 0x00000245e774f7f0
Event: 495.277 Thread 0x00000245e1db2bf0 Thread added: 0x00000245e7ada9f0
Event: 495.277 Thread 0x00000245e1db2bf0 Thread added: 0x00000245e8713700
Event: 495.324 Thread 0x00000245e774d720 Thread added: 0x00000245e774ead0
Event: 495.325 Thread 0x00000245e774ead0 Thread added: 0x00000245e774f160
Event: 495.325 Thread 0x00000245e774ead0 Thread added: 0x00000245e774fe80
Event: 500.339 Thread 0x00000245e8713700 Thread exited: 0x00000245e8713700
Event: 500.339 Thread 0x00000245e7ada9f0 Thread exited: 0x00000245e7ada9f0
Event: 542.035 Thread 0x00000245e774d720 Thread added: 0x00000245e7748ef0
Event: 542.036 Thread 0x00000245e7748ef0 Thread added: 0x00000245e774a2a0
Event: 542.036 Thread 0x00000245e7748ef0 Thread added: 0x00000245e7750510
Event: 542.045 Thread 0x00000245e774f7f0 Thread exited: 0x00000245e774f7f0
Event: 553.525 Thread 0x00000245e1db2bf0 Thread added: 0x00000245e7ada9f0
Event: 553.525 Thread 0x00000245e1db2bf0 Thread added: 0x00000245e8713700
Event: 555.246 Thread 0x00000245e774d720 Thread added: 0x00000245e774f7f0
Event: 555.247 Thread 0x00000245e774f7f0 Thread added: 0x00000245e774b650


Dynamic libraries:
0x00007ff6a7140000 - 0x00007ff6a714e000 	C:\Users\system1\.p2\pool\plugins\org.eclipse.justj.openjdk.hotspot.jre.full.win32.x86_64_21.0.6.v20250130-0529\jre\bin\javaw.exe
0x00007ffa166b0000 - 0x00007ffa168a8000 	C:\WINDOWS\SYSTEM32\ntdll.dll
0x00007ffa14ae0000 - 0x00007ffa14ba2000 	C:\WINDOWS\System32\KERNEL32.DLL
0x00007ffa14330000 - 0x00007ffa14626000 	C:\WINDOWS\System32\KERNELBASE.dll
0x00007ffa14040000 - 0x00007ffa14140000 	C:\WINDOWS\System32\ucrtbase.dll
0x00007ffa0ced0000 - 0x00007ffa0cee8000 	C:\Users\system1\.p2\pool\plugins\org.eclipse.justj.openjdk.hotspot.jre.full.win32.x86_64_21.0.6.v20250130-0529\jre\bin\jli.dll
0x00007ffa06610000 - 0x00007ffa0662e000 	C:\Users\system1\.p2\pool\plugins\org.eclipse.justj.openjdk.hotspot.jre.full.win32.x86_64_21.0.6.v20250130-0529\jre\bin\VCRUNTIME140.dll
0x00007ffa15090000 - 0x00007ffa1522d000 	C:\WINDOWS\System32\USER32.dll
0x00007ffa13eb0000 - 0x00007ffa13ed2000 	C:\WINDOWS\System32\win32u.dll
0x00007ffa07fa0000 - 0x00007ffa0823a000 	C:\WINDOWS\WinSxS\amd64_microsoft.windows.common-controls_6595b64144ccf1df_6.0.19041.5915_none_60b4b9d171f9c7c7\COMCTL32.dll
0x00007ffa165a0000 - 0x00007ffa165cb000 	C:\WINDOWS\System32\GDI32.dll
0x00007ffa14d20000 - 0x00007ffa14dbe000 	C:\WINDOWS\System32\msvcrt.dll
0x00007ffa13d90000 - 0x00007ffa13ea9000 	C:\WINDOWS\System32\gdi32full.dll
0x00007ffa14630000 - 0x00007ffa146cd000 	C:\WINDOWS\System32\msvcp_win.dll
0x00007ffa146f0000 - 0x00007ffa1471f000 	C:\WINDOWS\System32\IMM32.DLL
0x00007ffa113b0000 - 0x00007ffa113bc000 	C:\Users\system1\.p2\pool\plugins\org.eclipse.justj.openjdk.hotspot.jre.full.win32.x86_64_21.0.6.v20250130-0529\jre\bin\vcruntime140_1.dll
0x00007ff9e6710000 - 0x00007ff9e679d000 	C:\Users\system1\.p2\pool\plugins\org.eclipse.justj.openjdk.hotspot.jre.full.win32.x86_64_21.0.6.v20250130-0529\jre\bin\msvcp140.dll
0x00007ff967790000 - 0x00007ff968520000 	C:\Users\system1\.p2\pool\plugins\org.eclipse.justj.openjdk.hotspot.jre.full.win32.x86_64_21.0.6.v20250130-0529\jre\bin\server\jvm.dll
0x00007ffa162f0000 - 0x00007ffa163a1000 	C:\WINDOWS\System32\ADVAPI32.dll
0x00007ffa165d0000 - 0x00007ffa1666f000 	C:\WINDOWS\System32\sechost.dll
0x00007ffa16160000 - 0x00007ffa16283000 	C:\WINDOWS\System32\RPCRT4.dll
0x00007ffa14010000 - 0x00007ffa14037000 	C:\WINDOWS\System32\bcrypt.dll
0x00007ffa163b0000 - 0x00007ffa1641b000 	C:\WINDOWS\System32\WS2_32.dll
0x00007ffa0b4c0000 - 0x00007ffa0b4e7000 	C:\WINDOWS\SYSTEM32\WINMM.dll
0x00007ffa0b660000 - 0x00007ffa0b66a000 	C:\WINDOWS\SYSTEM32\VERSION.dll
0x00007ffa13ba0000 - 0x00007ffa13beb000 	C:\WINDOWS\SYSTEM32\POWRPROF.dll
0x00007ffa13b80000 - 0x00007ffa13b92000 	C:\WINDOWS\SYSTEM32\UMPDC.dll
0x00007ffa11be0000 - 0x00007ffa11bf2000 	C:\WINDOWS\SYSTEM32\kernel.appcore.dll
0x00007ff9fe510000 - 0x00007ff9fe51a000 	C:\Users\system1\.p2\pool\plugins\org.eclipse.justj.openjdk.hotspot.jre.full.win32.x86_64_21.0.6.v20250130-0529\jre\bin\jimage.dll
0x00007ffa083a0000 - 0x00007ffa085a1000 	C:\WINDOWS\SYSTEM32\DBGHELP.DLL
0x00007ffa067e0000 - 0x00007ffa06814000 	C:\WINDOWS\SYSTEM32\dbgcore.DLL
0x00007ffa142a0000 - 0x00007ffa14322000 	C:\WINDOWS\System32\bcryptPrimitives.dll
0x00007ff9eb530000 - 0x00007ff9eb54f000 	C:\Users\system1\.p2\pool\plugins\org.eclipse.justj.openjdk.hotspot.jre.full.win32.x86_64_21.0.6.v20250130-0529\jre\bin\java.dll
0x00007ffa157c0000 - 0x00007ffa15f2e000 	C:\WINDOWS\System32\SHELL32.dll
0x00007ffa11de0000 - 0x00007ffa12583000 	C:\WINDOWS\SYSTEM32\windows.storage.dll
0x00007ffa14720000 - 0x00007ffa14a73000 	C:\WINDOWS\System32\combase.dll
0x00007ffa136a0000 - 0x00007ffa136cb000 	C:\WINDOWS\SYSTEM32\Wldp.dll
0x00007ffa14e90000 - 0x00007ffa14f5d000 	C:\WINDOWS\System32\OLEAUT32.dll
0x00007ffa14dc0000 - 0x00007ffa14e6d000 	C:\WINDOWS\System32\SHCORE.dll
0x00007ffa152f0000 - 0x00007ffa1534b000 	C:\WINDOWS\System32\shlwapi.dll
0x00007ffa13c70000 - 0x00007ffa13c95000 	C:\WINDOWS\SYSTEM32\profapi.dll
0x00007ff9eb380000 - 0x00007ff9eb398000 	C:\Users\system1\.p2\pool\plugins\org.eclipse.justj.openjdk.hotspot.jre.full.win32.x86_64_21.0.6.v20250130-0529\jre\bin\zip.dll
0x00007ff9fd2d0000 - 0x00007ff9fd2e0000 	C:\Users\system1\.p2\pool\plugins\org.eclipse.justj.openjdk.hotspot.jre.full.win32.x86_64_21.0.6.v20250130-0529\jre\bin\net.dll
0x00007ffa0db10000 - 0x00007ffa0dc1a000 	C:\WINDOWS\SYSTEM32\WINHTTP.dll
0x00007ffa13400000 - 0x00007ffa1346a000 	C:\WINDOWS\system32\mswsock.dll
0x00007ff9eab40000 - 0x00007ff9eab56000 	C:\Users\system1\.p2\pool\plugins\org.eclipse.justj.openjdk.hotspot.jre.full.win32.x86_64_21.0.6.v20250130-0529\jre\bin\nio.dll
0x00007ff9fca80000 - 0x00007ff9fca8a000 	C:\Users\system1\.p2\pool\plugins\org.eclipse.justj.openjdk.hotspot.jre.full.win32.x86_64_21.0.6.v20250130-0529\jre\bin\management.dll
0x00007ff9fca70000 - 0x00007ff9fca7b000 	C:\Users\system1\.p2\pool\plugins\org.eclipse.justj.openjdk.hotspot.jre.full.win32.x86_64_21.0.6.v20250130-0529\jre\bin\management_ext.dll
0x00007ffa14e80000 - 0x00007ffa14e88000 	C:\WINDOWS\System32\PSAPI.DLL
0x00007ff9ff950000 - 0x00007ff9ff967000 	C:\WINDOWS\system32\napinsp.dll
0x00007ff9ff550000 - 0x00007ff9ff56b000 	C:\WINDOWS\system32\pnrpnsp.dll
0x00007ff9ff530000 - 0x00007ff9ff54d000 	C:\WINDOWS\system32\wshbth.dll
0x00007ffa10ce0000 - 0x00007ffa10cfd000 	C:\WINDOWS\system32\NLAapi.dll
0x00007ffa130e0000 - 0x00007ffa1311b000 	C:\WINDOWS\SYSTEM32\IPHLPAPI.DLL
0x00007ffa13120000 - 0x00007ffa131ea000 	C:\WINDOWS\SYSTEM32\DNSAPI.dll
0x00007ffa14e70000 - 0x00007ffa14e78000 	C:\WINDOWS\System32\NSI.dll
0x00007ff9ff510000 - 0x00007ff9ff522000 	C:\WINDOWS\System32\winrnr.dll
0x00007ffa0b440000 - 0x00007ffa0b44a000 	C:\Windows\System32\rasadhlp.dll
0x00007ffa0a6e0000 - 0x00007ffa0a760000 	C:\WINDOWS\System32\fwpuclnt.dll
0x00007ffa135f0000 - 0x00007ffa13608000 	C:\WINDOWS\SYSTEM32\CRYPTSP.dll
0x00007ffa12d20000 - 0x00007ffa12d58000 	C:\WINDOWS\system32\rsaenh.dll
0x00007ffa13c30000 - 0x00007ffa13c5e000 	C:\WINDOWS\SYSTEM32\USERENV.dll
0x00007ffa13610000 - 0x00007ffa1361c000 	C:\WINDOWS\SYSTEM32\CRYPTBASE.dll
0x00007ff9fca60000 - 0x00007ff9fca69000 	C:\Users\system1\.p2\pool\plugins\org.eclipse.justj.openjdk.hotspot.jre.full.win32.x86_64_21.0.6.v20250130-0529\jre\bin\extnet.dll
0x00007ff9fd120000 - 0x00007ff9fd130000 	C:\Users\system1\.p2\pool\plugins\org.eclipse.justj.openjdk.hotspot.jre.full.win32.x86_64_21.0.6.v20250130-0529\jre\bin\verify.dll
0x00007ff9fd0f0000 - 0x00007ff9fd0fe000 	C:\Users\system1\.p2\pool\plugins\org.eclipse.justj.openjdk.hotspot.jre.full.win32.x86_64_21.0.6.v20250130-0529\jre\bin\sunmscapi.dll
0x00007ffa14140000 - 0x00007ffa1429d000 	C:\WINDOWS\System32\CRYPT32.dll
0x00007ffa13710000 - 0x00007ffa13737000 	C:\WINDOWS\SYSTEM32\ncrypt.dll
0x00007ffa136d0000 - 0x00007ffa1370b000 	C:\WINDOWS\SYSTEM32\NTASN1.dll
0x00007ffa110e0000 - 0x00007ffa110e7000 	C:\WINDOWS\system32\wshunix.dll

dbghelp: loaded successfully - version: 4.0.5 - missing functions: none
symbol engine: initialized successfully - sym options: 0x614 - pdb path: .;C:\Users\system1\.p2\pool\plugins\org.eclipse.justj.openjdk.hotspot.jre.full.win32.x86_64_21.0.6.v20250130-0529\jre\bin;C:\WINDOWS\SYSTEM32;C:\WINDOWS\WinSxS\amd64_microsoft.windows.common-controls_6595b64144ccf1df_6.0.19041.5915_none_60b4b9d171f9c7c7;C:\Users\system1\.p2\pool\plugins\org.eclipse.justj.openjdk.hotspot.jre.full.win32.x86_64_21.0.6.v20250130-0529\jre\bin\server

VM Arguments:
jvm_args: -Dcom.sun.management.jmxremote -Dcom.sun.management.jmxremote.port=57777 -Dcom.sun.management.jmxremote.authenticate=false -Dcom.sun.management.jmxremote.ssl=false -Djava.rmi.server.hostname=localhost -Dspring.jmx.enabled=true -Dmanagement.endpoints.jmx.exposure.include=* -Dspring.application.admin.enabled=true -Dspring.output.ansi.enabled=always -XX:TieredStopAtLevel=1 -Dspring.boot.project.name=FaceDetection -Dfile.encoding=UTF-8 -Dstdout.encoding=UTF-8 -Dstderr.encoding=UTF-8 -XX:+ShowCodeDetailsInExceptionMessages 
java_command: com.abhiyantrikitech.FaceDetectApplication
java_class_path (initial): C:\Users\system1\eclipse-workspace\FaceDetection\target\classes;C:\Users\system1\.m2\repository\org\springframework\boot\spring-boot-starter-web\2.7.18\spring-boot-starter-web-2.7.18.jar;C:\Users\system1\.m2\repository\org\springframework\boot\spring-boot-starter\2.7.18\spring-boot-starter-2.7.18.jar;C:\Users\system1\.m2\repository\org\springframework\boot\spring-boot\2.7.18\spring-boot-2.7.18.jar;C:\Users\system1\.m2\repository\org\springframework\boot\spring-boot-autoconfigure\2.7.18\spring-boot-autoconfigure-2.7.18.jar;C:\Users\system1\.m2\repository\org\springframework\boot\spring-boot-starter-logging\2.7.18\spring-boot-starter-logging-2.7.18.jar;C:\Users\system1\.m2\repository\ch\qos\logback\logback-classic\1.2.12\logback-classic-1.2.12.jar;C:\Users\system1\.m2\repository\ch\qos\logback\logback-core\1.2.12\logback-core-1.2.12.jar;C:\Users\system1\.m2\repository\org\slf4j\slf4j-api\1.7.36\slf4j-api-1.7.36.jar;C:\Users\system1\.m2\repository\org\apache\logging\log4j\log4j-to-slf4j\2.17.2\log4j-to-slf4j-2.17.2.jar;C:\Users\system1\.m2\repository\org\apache\logging\log4j\log4j-api\2.17.2\log4j-api-2.17.2.jar;C:\Users\system1\.m2\repository\org\slf4j\jul-to-slf4j\1.7.36\jul-to-slf4j-1.7.36.jar;C:\Users\system1\.m2\repository\jakarta\annotation\jakarta.annotation-api\1.3.5\jakarta.annotation-api-1.3.5.jar;C:\Users\system1\.m2\repository\org\springframework\spring-core\5.3.31\spring-core-5.3.31.jar;C:\Users\system1\.m2\repository\org\springframework\spring-jcl\5.3.31\spring-jcl-5.3.31.jar;C:\Users\system1\.m2\repository\org\yaml\snakeyaml\1.30\snakeyaml-1.30.jar;C:\Users\system1\.m2\repository\org\springframework\boot\spring-boot-starter-json\2.7.18\spring-boot-starter-json-2.7.18.jar;C:\Users\system1\.m2\repository\com\fasterxml\jackson\core\jackson-databind\2.13.5\jackson-databind-2.13.5.jar;C:\Users\system1\.m2\repository\com\fasterxml\jackson\core\jackson-annotations\2.13.5\jackson-annotations-2.13.5.jar;C:\Users\system1\.m2\repository\com\fasterxml\jackson\core\jackson-core\2.13.5\jackson-core-2.13.5.jar;C:\Users\system1\.m2\repository\com\fasterxml\jackson\datatype\jackson-datatype-jdk8\2.13.5\jackson-datatype-jdk8-2.13.5.jar;C:\Users\system1\.m2\repository\com\fasterxml\jackson\datatype\jackson-datatype-jsr310\2.13.5\jackson-datatype-jsr310-2.13.5.jar;C:\Users\system1\.m2\repository\com\fasterxml\jackson\module\jackson-module-parameter-names\2.13.5\jackson-module-parameter-names-2.13.5.jar;C:\Users\system1\.m2\repository\org\springframework\boot\spring-boot-starter-tomcat\2.7.18\spring-boot-starter-tomcat-2.7.18.jar;C:\Users\system1\.m2\repository\org\apache\tomcat\embed\tomcat-embed-websocket\9.0.83\tomcat-embed-websocket-9.0.83.jar;C:\Users\system1\.m2\repository\org\springframework\spring-web\5.3.31\spring-web-5.3.31.jar;C:\Users\system1\.m2\repository\org\springframework\spring-beans\5.3.31\spring-beans-5.3.31.jar;C:\Users\system1\.m2\repository\org\springframework\spring-webmvc\5.3.31\spring-webmvc-5.3.31.jar;C:\Users\system1\.m2\repository\org\springframework\spring-aop\5.3.31\spring-aop-5.3.31.jar;C:\Users\system1\.m2\repository\org\springframework\spring-context\5.3.31\spring-context-5.3.31.jar;C:\Users\system1\.m2\repository\org\springframework\spring-expression\5.3.31\spring-expression-5.3.31.jar;C:\Users\system1\.m2\repository\jstl\jstl\1.2\jstl-1.2.jar;C:\Users\system1\.m2\repository\org\apache\tomcat\embed\tomcat-embed-jasper\9.0.83\tomcat-embed-jasper-9.0.83.jar;C:\Users\system1\.m2\repository\org\apache\tomcat\embed\tomcat-embed-core\9.0.83\tomcat-embed-core-9.0.83.jar;C:\Users\system1\.m2\repository\org\apache\tomcat\tomcat-annotations-api\9.0.83\tomcat-annotations-api-9.0.83.jar;C:\Users\system1\.m2\repository\org\apache\tomcat\embed\tomcat-embed-el\9.0.83\tomcat-embed-el-9.0.83.jar;C:\Users\system1\.m2\repository\org\eclipse\jdt\ecj\3.26.0\ecj-3.26.0.jar;C:\Users\system1\.m2\repository\com\mysql\mysql-connector-j\8.0.33\mysql-connector-j-8.0.33.jar
Launcher Type: SUN_STANDARD

[Global flags]
     intx CICompilerCount                          = 3                                         {product} {ergonomic}
     uint ConcGCThreads                            = 2                                         {product} {ergonomic}
     uint G1ConcRefinementThreads                  = 6                                         {product} {ergonomic}
   size_t G1HeapRegionSize                         = 1048576                                   {product} {ergonomic}
    uintx GCDrainStackTargetSize                   = 64                                        {product} {ergonomic}
   size_t InitialHeapSize                          = 134217728                                 {product} {ergonomic}
     bool ManagementServer                         = true                                      {product} {command line}
   size_t MarkStackSize                            = 4194304                                   {product} {ergonomic}
   size_t MaxHeapSize                              = 2130706432                                {product} {ergonomic}
   size_t MaxNewSize                               = 1278214144                                {product} {ergonomic}
   size_t MinHeapDeltaBytes                        = 1048576                                   {product} {ergonomic}
   size_t MinHeapSize                              = 8388608                                   {product} {ergonomic}
    uintx NonNMethodCodeHeapSize                   = 4096                                   {pd product} {ergonomic}
    uintx NonProfiledCodeHeapSize                  = 0                                      {pd product} {ergonomic}
     bool ProfileInterpreter                       = false                                  {pd product} {command line}
    uintx ProfiledCodeHeapSize                     = 0                                      {pd product} {ergonomic}
     bool ShowCodeDetailsInExceptionMessages       = true                                   {manageable} {command line}
   size_t SoftMaxHeapSize                          = 2130706432                             {manageable} {ergonomic}
     intx TieredStopAtLevel                        = 1                                         {product} {command line}
     bool UseCompressedOops                        = true                           {product lp64_product} {ergonomic}
     bool UseG1GC                                  = true                                      {product} {ergonomic}
     bool UseLargePagesIndividualAllocation        = false                                  {pd product} {ergonomic}

Logging:
Log output configuration:
 #0: stdout all=warning uptime,level,tags foldmultilines=false
 #1: stderr all=off uptime,level,tags foldmultilines=false

Environment Variables:
JAVA_HOME=C:\Program Files\Java\jdk-20
PATH=C:/Users/system1/.p2/pool/plugins/org.eclipse.justj.openjdk.hotspot.jre.full.win32.x86_64_21.0.6.v20250130-0529/jre/bin/server;C:/Users/system1/.p2/pool/plugins/org.eclipse.justj.openjdk.hotspot.jre.full.win32.x86_64_21.0.6.v20250130-0529/jre/bin;C:\Program Files\Python39\Scripts\;C:\Program Files\Python39\;F:\flutter\bin;C:\Windows\System32;F:\sdk\platforms;F:\sdk\platform-tools;C:\Users\system1\.console-ninja\.bin;C:\Program Files\Java\jdk-20\bin;C:\Program Files\Java\jre-10.0.2\bin;C:\Users\system1\AppData\Local\Programs\Microsoft VS Code\bin;C:\adb;C:\ProgramData\chocolatey\bin;C:\WINDOWS\system32;C:\WINDOWS;C:\WINDOWS\System32\Wbem;C:\WINDOWS\System32\WindowsPowerShell\v1.0\;C:\WINDOWS\System32\OpenSSH\;C:\Program Files\nodejs\node_modules\npm\bin;C:\Program Files\Git\cmd;C:\Program Files\MySQL\MySQL Server 8.0\bin;C:\Users\system1\AppData\Roaming\Python\Python39\Scripts;C:\Users\system1\.console-ninja\.bin;C:\Program Files\Java\jdk-20\bin;C:\Program Files\Java\jre-10.0.2\bin;F:\flutter\bin;C:\Windows\System32;C:\Program Files\Git\cmd;F:\sdk\platforms;F:\sdk\platform-tools;C:\Users\system1\AppData\Local\Programs\Microsoft VS Code\bin;C:\Users\system1\AppData\Local\Microsoft\WindowsApps;;C:\Users\system1\Desktop;
USERNAME=system1
OS=Windows_NT
PROCESSOR_IDENTIFIER=Intel64 Family 6 Model 158 Stepping 10, GenuineIntel
TMP=C:\Users\system1\AppData\Local\Temp
TEMP=C:\Users\system1\AppData\Local\Temp




Periodic native trim disabled

---------------  S Y S T E M  ---------------

OS:
 Windows 10 , 64 bit Build 19041 (10.0.19041.5915)
OS uptime: 0 days 1:36 hours

CPU: total 6 (initial active 6) (6 cores per cpu, 1 threads per core) family 6 model 158 stepping 10 microcode 0xb4, cx8, cmov, fxsr, mmx, 3dnowpref, sse, sse2, sse3, ssse3, sse4.1, sse4.2, popcnt, lzcnt, tsc, tscinvbit, avx, avx2, aes, erms, clmul, bmi1, bmi2, adx, fma, vzeroupper, clflush, clflushopt, rdtscp, f16c
Processor Information for the first 6 processors :
  Max Mhz: 2904, Current Mhz: 2904, Mhz Limit: 2904

Memory: 4k page, system-wide physical 8125M (369M free)
TotalPageFile size 11026M (AvailPageFile size 9M)
current process WorkingSet (physical memory assigned to process): 230M, peak: 242M
current process commit charge ("private bytes"): 261M, peak: 280M

vm_info: OpenJDK 64-Bit Server VM (21.0.6+7-LTS) for windows-amd64 JRE (21.0.6+7-LTS), built on 2025-01-21T00:00:00Z by "admin" with MS VC++ 17.7 (VS2022)

END.
